d:\c++\atm\debug\vc142.pdb
d:\c++\atm\debug\vc142.idb
d:\c++\atm\debug\atm.obj
d:\c++\atm\debug\account.obj
d:\c++\atm\debug\ta.obj
d:\c++\atm\debug\text.obj
d:\c++\atm\debug\object.obj
d:\c++\atm\debug\atmmachine.obj
d:\c++\atm\debug\cashwithdrawals.obj
d:\c++\atm\debug\numberbutton.obj
d:\c++\atm\debug\menubutton.obj
d:\c++\atm\debug\inputer.obj
d:\c++\atm\debug\atm.exe
d:\c++\atm\debug\atm.ilk
d:\c++\atm\debug\atm.pdb
d:\c++\atm\debug\atm.tlog\cl.command.1.tlog
d:\c++\atm\debug\atm.tlog\cl.read.1.tlog
d:\c++\atm\debug\atm.tlog\cl.write.1.tlog
d:\c++\atm\debug\atm.tlog\link.command.1.tlog
d:\c++\atm\debug\atm.tlog\link.read.1.tlog
d:\c++\atm\debug\atm.tlog\link.write.1.tlog
